[Sat Feb 18 11:27:16.101438 2017] [mpm_winnt:notice] [pid 3320:tid 436] AH00455: Apache/2.4.20 (Win64) mod_wsgi/4.4.12 Python/3.4.2 configured -- resuming normal operations
[Sat Feb 18 11:27:16.101438 2017] [mpm_winnt:notice] [pid 3320:tid 436] AH00456: Apache Lounge VC10 Server built: Apr 10 2016 13:18:43
[Sat Feb 18 11:27:16.101438 2017] [core:notice] [pid 3320:tid 436] AH00094: Command line: 'C:\\Apache24\\bin\\httpd.exe -d C:/Apache24'
[Sat Feb 18 11:27:16.101438 2017] [mpm_winnt:notice] [pid 3320:tid 436] AH00418: Parent: Created child process 820
[Sat Feb 18 11:27:16.351448 2017] [mpm_winnt:notice] [pid 820:tid 480] AH00354: Child: Starting 64 worker threads.
[Sat Feb 18 12:31:37.804683 2017] [mpm_winnt:notice] [pid 3320:tid 436] AH00422: Parent: Received shutdown signal -- Shutting down the server.
[Sat Feb 18 12:31:39.835931 2017] [mpm_winnt:notice] [pid 820:tid 480] AH00364: Child: All worker threads have exited.
[Sat Feb 18 12:31:40.101448 2017] [mpm_winnt:notice] [pid 3320:tid 436] AH00430: Parent: Child process 820 exited successfully.
[Sat Feb 18 12:31:41.460893 2017] [mpm_winnt:notice] [pid 2800:tid 436] AH00455: Apache/2.4.20 (Win64) mod_wsgi/4.4.12 Python/3.4.2 configured -- resuming normal operations
[Sat Feb 18 12:31:41.460893 2017] [mpm_winnt:notice] [pid 2800:tid 436] AH00456: Apache Lounge VC10 Server built: Apr 10 2016 13:18:43
[Sat Feb 18 12:31:41.460893 2017] [core:notice] [pid 2800:tid 436] AH00094: Command line: 'C:\\Apache24\\bin\\httpd.exe -d C:/Apache24'
[Sat Feb 18 12:31:41.460893 2017] [mpm_winnt:notice] [pid 2800:tid 436] AH00418: Parent: Created child process 3516
[Sat Feb 18 12:31:41.710907 2017] [mpm_winnt:notice] [pid 3516:tid 480] AH00354: Child: Starting 64 worker threads.
[Sat Feb 18 12:32:22.163946 2017] [mpm_winnt:notice] [pid 2800:tid 436] AH00422: Parent: Received shutdown signal -- Shutting down the server.
[Sat Feb 18 12:32:24.195209 2017] [mpm_winnt:notice] [pid 3516:tid 480] AH00364: Child: All worker threads have exited.
[Sat Feb 18 12:32:24.257894 2017] [mpm_winnt:notice] [pid 2800:tid 436] AH00430: Parent: Child process 3516 exited successfully.
[Sat Feb 18 12:32:25.992062 2017] [mpm_winnt:notice] [pid 3408:tid 428] AH00455: Apache/2.4.20 (Win64) mod_wsgi/4.4.12 Python/3.4.2 configured -- resuming normal operations
[Sat Feb 18 12:32:25.992062 2017] [mpm_winnt:notice] [pid 3408:tid 428] AH00456: Apache Lounge VC10 Server built: Apr 10 2016 13:18:43
[Sat Feb 18 12:32:25.992062 2017] [core:notice] [pid 3408:tid 428] AH00094: Command line: 'C:\\Apache24\\bin\\httpd.exe -d C:/Apache24'
[Sat Feb 18 12:32:25.992062 2017] [mpm_winnt:notice] [pid 3408:tid 428] AH00418: Parent: Created child process 2748
[Sat Feb 18 12:32:26.226441 2017] [mpm_winnt:notice] [pid 2748:tid 464] AH00354: Child: Starting 64 worker threads.
[Sat Feb 18 12:33:28.289028 2017] [mpm_winnt:notice] [pid 3408:tid 428] AH00422: Parent: Received shutdown signal -- Shutting down the server.
[Sat Feb 18 12:33:30.320200 2017] [mpm_winnt:notice] [pid 2748:tid 464] AH00364: Child: All worker threads have exited.
[Sat Feb 18 12:33:30.413967 2017] [mpm_winnt:notice] [pid 3408:tid 428] AH00430: Parent: Child process 2748 exited successfully.
[Sat Feb 18 12:33:31.960898 2017] [mpm_winnt:notice] [pid 1300:tid 428] AH00455: Apache/2.4.20 (Win64) mod_wsgi/4.4.12 Python/3.4.2 configured -- resuming normal operations
[Sat Feb 18 12:33:31.960898 2017] [mpm_winnt:notice] [pid 1300:tid 428] AH00456: Apache Lounge VC10 Server built: Apr 10 2016 13:18:43
[Sat Feb 18 12:33:31.960898 2017] [core:notice] [pid 1300:tid 428] AH00094: Command line: 'C:\\Apache24\\bin\\httpd.exe -d C:/Apache24'
[Sat Feb 18 12:33:31.960898 2017] [mpm_winnt:notice] [pid 1300:tid 428] AH00418: Parent: Created child process 2144
[Sat Feb 18 12:33:32.211153 2017] [mpm_winnt:notice] [pid 2144:tid 464] AH00354: Child: Starting 64 worker threads.
